[0.109s] Invoking command in '/home/vox/Desktop/vox/build/vox': CMAKE_PREFIX_PATH=${CMAKE_PREFIX_PATH}:/opt/ros/iron /usr/bin/cmake --build /home/vox/Desktop/vox/build/vox -- -j4 -l4
[0.372s] Invoked command in '/home/vox/Desktop/vox/build/vox' returned '0': CMAKE_PREFIX_PATH=${CMAKE_PREFIX_PATH}:/opt/ros/iron /usr/bin/cmake --build /home/vox/Desktop/vox/build/vox -- -j4 -l4
[0.528s] Invoking command in '/home/vox/Desktop/vox/build/vox': CMAKE_PREFIX_PATH=${CMAKE_PREFIX_PATH}:/opt/ros/iron /usr/bin/cmake --install /home/vox/Desktop/vox/build/vox
[0.531s] -- Install configuration: ""
[0.531s] -- Execute custom install script
[0.532s] -- Up-to-date symlink: /home/vox/Desktop/vox/install/vox/share/vox/config/empty.yaml
[0.534s] -- Up-to-date symlink: /home/vox/Desktop/vox/install/vox/share/vox/description/robot.urdf.xacro
[0.534s] -- Symlinking: /home/vox/Desktop/vox/install/vox/share/vox/launch/rsp.launch.py
[0.567s] -- Up-to-date symlink: /home/vox/Desktop/vox/install/vox/share/vox/worlds/empty.world
[0.569s] -- Up-to-date symlink: /home/vox/Desktop/vox/install/vox/share/ament_index/resource_index/package_run_dependencies/vox
[0.570s] -- Up-to-date symlink: /home/vox/Desktop/vox/install/vox/share/ament_index/resource_index/parent_prefix_path/vox
[0.572s] -- Up-to-date symlink: /home/vox/Desktop/vox/install/vox/share/vox/environment/ament_prefix_path.sh
[0.574s] -- Up-to-date symlink: /home/vox/Desktop/vox/install/vox/share/vox/environment/ament_prefix_path.dsv
[0.671s] -- Up-to-date symlink: /home/vox/Desktop/vox/install/vox/share/vox/environment/path.sh
[0.673s] -- Up-to-date symlink: /home/vox/Desktop/vox/install/vox/share/vox/environment/path.dsv
[0.729s] -- Up-to-date symlink: /home/vox/Desktop/vox/install/vox/share/vox/local_setup.bash
[0.730s] -- Up-to-date symlink: /home/vox/Desktop/vox/install/vox/share/vox/local_setup.sh
[0.731s] -- Up-to-date symlink: /home/vox/Desktop/vox/install/vox/share/vox/local_setup.zsh
[0.732s] -- Up-to-date symlink: /home/vox/Desktop/vox/install/vox/share/vox/local_setup.dsv
[0.734s] -- Symlinking: /home/vox/Desktop/vox/install/vox/share/vox/package.dsv
[0.767s] -- Up-to-date symlink: /home/vox/Desktop/vox/install/vox/share/ament_index/resource_index/packages/vox
[0.768s] -- Up-to-date symlink: /home/vox/Desktop/vox/install/vox/share/vox/cmake/voxConfig.cmake
[0.768s] -- Up-to-date symlink: /home/vox/Desktop/vox/install/vox/share/vox/cmake/voxConfig-version.cmake
[0.769s] -- Up-to-date symlink: /home/vox/Desktop/vox/install/vox/share/vox/package.xml
[0.776s] Invoked command in '/home/vox/Desktop/vox/build/vox' returned '0': CMAKE_PREFIX_PATH=${CMAKE_PREFIX_PATH}:/opt/ros/iron /usr/bin/cmake --install /home/vox/Desktop/vox/build/vox
