[4.468s] DEBUG:colcon:Command line arguments: ['/usr/bin/colcon', 'build', '--symlink-install']
[4.469s] DEBUG:colcon:Parsed command line arguments: Namespace(log_base=None, log_level=None, verb_name='build', build_base='build', install_base='install', merge_install=False, symlink_install=True, test_result_base=None, continue_on_error=False, executor='parallel', parallel_workers=4, event_handlers=None, ignore_user_meta=False, metas=['./colcon.meta'], base_paths=['.'], packages_ignore=None, packages_ignore_regex=None, paths=None, packages_up_to=None, packages_up_to_regex=None, packages_above=None, packages_above_and_dependencies=None, packages_above_depth=None, packages_select_by_dep=None, packages_skip_by_dep=None, packages_skip_up_to=None, packages_select_build_failed=False, packages_skip_build_finished=False, packages_select_test_failures=False, packages_skip_test_passed=False, packages_select=None, packages_skip=None, packages_select_regex=None, packages_skip_regex=None, packages_start=None, packages_end=None, allow_overriding=[], cmake_args=None, cmake_target=None, cmake_target_skip_unavailable=False, cmake_clean_cache=False, cmake_clean_first=False, cmake_force_configure=False, ament_cmake_args=None, catkin_cmake_args=None, catkin_skip_building_tests=False, verb_parser=<colcon_defaults.argument_parser.defaults.DefaultArgumentsDecorator object at 0xffffb554cd90>, verb_extension=<colcon_core.verb.build.BuildVerb object at 0xffffb5a97c40>, main=<bound method BuildVerb.main of <colcon_core.verb.build.BuildVerb object at 0xffffb5a97c40>>)
[4.718s] Level 1:colcon.colcon_core.package_discovery:discover_packages(colcon_meta) check parameters
[4.718s] Level 1:colcon.colcon_core.package_discovery:discover_packages(recursive) check parameters
[4.719s] Level 1:colcon.colcon_core.package_discovery:discover_packages(ignore) check parameters
[4.719s] Level 1:colcon.colcon_core.package_discovery:discover_packages(path) check parameters
[4.719s] Level 1:colcon.colcon_core.package_discovery:discover_packages(colcon_meta) discover
[4.719s] Level 1:colcon.colcon_core.package_discovery:discover_packages(recursive) discover
[4.719s] INFO:colcon.colcon_core.package_discovery:Crawling recursively for packages in '/home/vox/Desktop/vox'
[4.720s] Level 1:colcon.colcon_core.package_identification:_identify(.) by extensions ['ignore', 'ignore_ament_install']
[4.720s] Level 1:colcon.colcon_core.package_identification:_identify(.) by extension 'ignore'
[4.720s] Level 1:colcon.colcon_core.package_identification:_identify(.) by extension 'ignore_ament_install'
[4.721s] Level 1:colcon.colcon_core.package_identification:_identify(.) by extensions ['colcon_pkg']
[4.721s] Level 1:colcon.colcon_core.package_identification:_identify(.) by extension 'colcon_pkg'
[4.721s] Level 1:colcon.colcon_core.package_identification:_identify(.) by extensions ['colcon_meta']
[4.721s] Level 1:colcon.colcon_core.package_identification:_identify(.) by extension 'colcon_meta'
[4.721s] Level 1:colcon.colcon_core.package_identification:_identify(.) by extensions ['ros']
[4.721s] Level 1:colcon.colcon_core.package_identification:_identify(.) by extension 'ros'
[4.768s] Level 1:colcon.colcon_core.package_identification:_identify(.) by extensions ['cmake', 'python']
[4.769s] Level 1:colcon.colcon_core.package_identification:_identify(.) by extension 'cmake'
[4.769s] Level 1:colcon.colcon_core.package_identification:_identify(.) by extension 'python'
[4.769s] Level 1:colcon.colcon_core.package_identification:_identify(.) by extensions ['python_setup_py']
[4.769s] Level 1:colcon.colcon_core.package_identification:_identify(.) by extension 'python_setup_py'
[4.770s] Level 1:colcon.colcon_core.package_identification:_identify(build) by extensions ['ignore', 'ignore_ament_install']
[4.770s] Level 1:colcon.colcon_core.package_identification:_identify(build) by extension 'ignore'
[4.770s] Level 1:colcon.colcon_core.package_identification:_identify(build) ignored
[4.771s] Level 1:colcon.colcon_core.package_identification:_identify(install) by extensions ['ignore', 'ignore_ament_install']
[4.771s] Level 1:colcon.colcon_core.package_identification:_identify(install) by extension 'ignore'
[4.771s] Level 1:colcon.colcon_core.package_identification:_identify(install) ignored
[4.772s] Level 1:colcon.colcon_core.package_identification:_identify(log) by extensions ['ignore', 'ignore_ament_install']
[4.772s] Level 1:colcon.colcon_core.package_identification:_identify(log) by extension 'ignore'
[4.772s] Level 1:colcon.colcon_core.package_identification:_identify(log) ignored
[4.773s] Level 1:colcon.colcon_core.package_identification:_identify(src) by extensions ['ignore', 'ignore_ament_install']
[4.773s] Level 1:colcon.colcon_core.package_identification:_identify(src) by extension 'ignore'
[4.773s] Level 1:colcon.colcon_core.package_identification:_identify(src) by extension 'ignore_ament_install'
[4.773s] Level 1:colcon.colcon_core.package_identification:_identify(src) by extensions ['colcon_pkg']
[4.773s] Level 1:colcon.colcon_core.package_identification:_identify(src) by extension 'colcon_pkg'
[4.774s] Level 1:colcon.colcon_core.package_identification:_identify(src) by extensions ['colcon_meta']
[4.774s] Level 1:colcon.colcon_core.package_identification:_identify(src) by extension 'colcon_meta'
[4.774s] Level 1:colcon.colcon_core.package_identification:_identify(src) by extensions ['ros']
[4.774s] Level 1:colcon.colcon_core.package_identification:_identify(src) by extension 'ros'
[4.781s] DEBUG:colcon.colcon_core.package_identification:Found ROS schema reference in package manifest in 'src'
[4.782s] WARNING:colcon.colcon_core.package_identification:Failed to parse ROS package manifest in 'src': Error(s) in package 'src/package.xml':
Error(s):
- The manifest of package "vox" (with format version 3) must not contain the following tags: maintainter, licence
[4.782s] Level 1:colcon.colcon_core.package_identification:_identify(src) by extensions ['cmake', 'python']
[4.782s] Level 1:colcon.colcon_core.package_identification:_identify(src) by extension 'cmake'
[4.788s] Level 1:colcon.colcon_core.package_identification:_identify(src) by extension 'python'
[4.788s] DEBUG:colcon.colcon_core.package_identification:Package 'src' with type 'cmake' and name 'vox'
[4.788s] Level 1:colcon.colcon_core.package_discovery:discover_packages(recursive) using defaults
[4.788s] Level 1:colcon.colcon_core.package_discovery:discover_packages(ignore) discover
[4.788s] Level 1:colcon.colcon_core.package_discovery:discover_packages(ignore) using defaults
[4.789s] Level 1:colcon.colcon_core.package_discovery:discover_packages(path) discover
[4.789s] Level 1:colcon.colcon_core.package_discovery:discover_packages(path) using defaults
[5.195s] Level 1:colcon.colcon_core.package_discovery:discover_packages(prefix_path) check parameters
[5.195s] Level 1:colcon.colcon_core.package_discovery:discover_packages(prefix_path) discover
[5.338s] DEBUG:colcon.colcon_installed_package_information.package_discovery:Found 296 installed packages in /opt/ros/iron
[5.345s] Level 1:colcon.colcon_core.package_discovery:discover_packages(prefix_path) using defaults
[5.767s] Level 5:colcon.colcon_core.verb:set package 'vox' build argument 'cmake_args' from command line to 'None'
[5.767s] Level 5:colcon.colcon_core.verb:set package 'vox' build argument 'cmake_target' from command line to 'None'
[5.768s] Level 5:colcon.colcon_core.verb:set package 'vox' build argument 'cmake_target_skip_unavailable' from command line to 'False'
[5.768s] Level 5:colcon.colcon_core.verb:set package 'vox' build argument 'cmake_clean_cache' from command line to 'False'
[5.768s] Level 5:colcon.colcon_core.verb:set package 'vox' build argument 'cmake_clean_first' from command line to 'False'
[5.768s] Level 5:colcon.colcon_core.verb:set package 'vox' build argument 'cmake_force_configure' from command line to 'False'
[5.768s] Level 5:colcon.colcon_core.verb:set package 'vox' build argument 'ament_cmake_args' from command line to 'None'
[5.768s] Level 5:colcon.colcon_core.verb:set package 'vox' build argument 'catkin_cmake_args' from command line to 'None'
[5.768s] Level 5:colcon.colcon_core.verb:set package 'vox' build argument 'catkin_skip_building_tests' from command line to 'False'
[5.768s] DEBUG:colcon.colcon_core.verb:Building package 'vox' with the following arguments: {'ament_cmake_args': None, 'build_base': '/home/vox/Desktop/vox/build/vox', 'catkin_cmake_args': None, 'catkin_skip_building_tests': False, 'cmake_args': None, 'cmake_clean_cache': False, 'cmake_clean_first': False, 'cmake_force_configure': False, 'cmake_target': None, 'cmake_target_skip_unavailable': False, 'install_base': '/home/vox/Desktop/vox/install/vox', 'merge_install': False, 'path': '/home/vox/Desktop/vox/src', 'symlink_install': True, 'test_result_base': None}
[5.833s] INFO:colcon.colcon_core.executor:Executing jobs using 'parallel' executor
[5.900s] DEBUG:colcon.colcon_parallel_executor.executor.parallel:run_until_complete
[5.901s] INFO:colcon.colcon_cmake.task.cmake.build:Building CMake package in '/home/vox/Desktop/vox/src'
[5.983s] INFO:colcon.colcon_core.plugin_system:Skipping extension 'colcon_core.shell.bat': Not used on non-Windows systems
[5.984s] INFO:colcon.colcon_core.shell:Skip shell extension 'powershell' for command environment: Not usable outside of PowerShell
[5.984s] DEBUG:colcon.colcon_core.shell:Skip shell extension 'dsv' for command environment
[6.167s] DEBUG:colcon.colcon_core.event_handler.log_command:Invoking command in '/home/vox/Desktop/vox/build/vox': /usr/bin/cmake /home/vox/Desktop/vox/src -DCMAKE_INSTALL_PREFIX=/home/vox/Desktop/vox/install/vox
[6.207s] DEBUG:colcon.colcon_core.event_handler.log_command:Invoked command in '/home/vox/Desktop/vox/build/vox' returned '1': /usr/bin/cmake /home/vox/Desktop/vox/src -DCMAKE_INSTALL_PREFIX=/home/vox/Desktop/vox/install/vox
[6.216s] DEBUG:colcon.colcon_parallel_executor.executor.parallel:closing loop
[6.217s] DEBUG:colcon.colcon_parallel_executor.executor.parallel:loop closed
[6.218s] DEBUG:colcon.colcon_parallel_executor.executor.parallel:run_until_complete finished with '1'
[6.218s] DEBUG:colcon.colcon_core.event_reactor:joining thread
[6.315s] INFO:colcon.colcon_core.plugin_system:Skipping extension 'colcon_notification.desktop_notification.terminal_notifier': Not used on non-Darwin systems
[6.316s] INFO:colcon.colcon_core.plugin_system:Skipping extension 'colcon_notification.desktop_notification.win32': Not used on non-Windows systems
[6.316s] INFO:colcon.colcon_notification.desktop_notification:Sending desktop notification using 'notify2'
[6.369s] DEBUG:colcon.colcon_core.event_reactor:joined thread
[6.466s] INFO:colcon.colcon_core.shell:Creating prefix script '/home/vox/Desktop/vox/install/local_setup.ps1'
[6.545s] INFO:colcon.colcon_core.shell:Creating prefix util module '/home/vox/Desktop/vox/install/_local_setup_util_ps1.py'
[6.553s] INFO:colcon.colcon_core.shell:Creating prefix chain script '/home/vox/Desktop/vox/install/setup.ps1'
[6.772s] INFO:colcon.colcon_core.shell:Creating prefix script '/home/vox/Desktop/vox/install/local_setup.sh'
[6.777s] INFO:colcon.colcon_core.shell:Creating prefix util module '/home/vox/Desktop/vox/install/_local_setup_util_sh.py'
[6.779s] INFO:colcon.colcon_core.shell:Creating prefix chain script '/home/vox/Desktop/vox/install/setup.sh'
[6.860s] INFO:colcon.colcon_core.shell:Creating prefix script '/home/vox/Desktop/vox/install/local_setup.bash'
[6.862s] INFO:colcon.colcon_core.shell:Creating prefix chain script '/home/vox/Desktop/vox/install/setup.bash'
[7.038s] INFO:colcon.colcon_core.shell:Creating prefix script '/home/vox/Desktop/vox/install/local_setup.zsh'
[7.043s] INFO:colcon.colcon_core.shell:Creating prefix chain script '/home/vox/Desktop/vox/install/setup.zsh'
