[1.245s] DEBUG:colcon:Command line arguments: ['/usr/bin/colcon', 'build', '--symlink-install']
[1.246s] DEBUG:colcon:Parsed command line arguments: Namespace(log_base=None, log_level=None, verb_name='build', build_base='build', install_base='install', merge_install=False, symlink_install=True, test_result_base=None, continue_on_error=False, executor='parallel', parallel_workers=4, event_handlers=None, ignore_user_meta=False, metas=['./colcon.meta'], base_paths=['.'], packages_ignore=None, packages_ignore_regex=None, paths=None, packages_up_to=None, packages_up_to_regex=None, packages_above=None, packages_above_and_dependencies=None, packages_above_depth=None, packages_select_by_dep=None, packages_skip_by_dep=None, packages_skip_up_to=None, packages_select_build_failed=False, packages_skip_build_finished=False, packages_select_test_failures=False, packages_skip_test_passed=False, packages_select=None, packages_skip=None, packages_select_regex=None, packages_skip_regex=None, packages_start=None, packages_end=None, allow_overriding=[], cmake_args=None, cmake_target=None, cmake_target_skip_unavailable=False, cmake_clean_cache=False, cmake_clean_first=False, cmake_force_configure=False, ament_cmake_args=None, catkin_cmake_args=None, catkin_skip_building_tests=False, verb_parser=<colcon_defaults.argument_parser.defaults.DefaultArgumentsDecorator object at 0x7fd7c006ca30>, verb_extension=<colcon_core.verb.build.BuildVerb object at 0x7fd7c0377a30>, main=<bound method BuildVerb.main of <colcon_core.verb.build.BuildVerb object at 0x7fd7c0377a30>>)
[1.319s] Level 1:colcon.colcon_core.package_discovery:discover_packages(colcon_meta) check parameters
[1.319s] Level 1:colcon.colcon_core.package_discovery:discover_packages(recursive) check parameters
[1.319s] Level 1:colcon.colcon_core.package_discovery:discover_packages(ignore) check parameters
[1.319s] Level 1:colcon.colcon_core.package_discovery:discover_packages(path) check parameters
[1.319s] Level 1:colcon.colcon_core.package_discovery:discover_packages(colcon_meta) discover
[1.320s] Level 1:colcon.colcon_core.package_discovery:discover_packages(recursive) discover
[1.320s] INFO:colcon.colcon_core.package_discovery:Crawling recursively for packages in '/home/claw/Desktop/Vox'
[1.320s] Level 1:colcon.colcon_core.package_identification:_identify(.) by extensions ['ignore', 'ignore_ament_install']
[1.320s] Level 1:colcon.colcon_core.package_identification:_identify(.) by extension 'ignore'
[1.321s] Level 1:colcon.colcon_core.package_identification:_identify(.) by extension 'ignore_ament_install'
[1.321s] Level 1:colcon.colcon_core.package_identification:_identify(.) by extensions ['colcon_pkg']
[1.321s] Level 1:colcon.colcon_core.package_identification:_identify(.) by extension 'colcon_pkg'
[1.321s] Level 1:colcon.colcon_core.package_identification:_identify(.) by extensions ['colcon_meta']
[1.321s] Level 1:colcon.colcon_core.package_identification:_identify(.) by extension 'colcon_meta'
[1.322s] Level 1:colcon.colcon_core.package_identification:_identify(.) by extensions ['ros']
[1.322s] Level 1:colcon.colcon_core.package_identification:_identify(.) by extension 'ros'
[1.337s] Level 1:colcon.colcon_core.package_identification:_identify(.) by extensions ['cmake', 'python']
[1.337s] Level 1:colcon.colcon_core.package_identification:_identify(.) by extension 'cmake'
[1.337s] Level 1:colcon.colcon_core.package_identification:_identify(.) by extension 'python'
[1.337s] Level 1:colcon.colcon_core.package_identification:_identify(.) by extensions ['python_setup_py']
[1.337s] Level 1:colcon.colcon_core.package_identification:_identify(.) by extension 'python_setup_py'
[1.338s] Level 1:colcon.colcon_core.package_identification:_identify(build) by extensions ['ignore', 'ignore_ament_install']
[1.338s] Level 1:colcon.colcon_core.package_identification:_identify(build) by extension 'ignore'
[1.338s] Level 1:colcon.colcon_core.package_identification:_identify(build) ignored
[1.338s] Level 1:colcon.colcon_core.package_identification:_identify(install) by extensions ['ignore', 'ignore_ament_install']
[1.338s] Level 1:colcon.colcon_core.package_identification:_identify(install) by extension 'ignore'
[1.338s] Level 1:colcon.colcon_core.package_identification:_identify(install) ignored
[1.338s] Level 1:colcon.colcon_core.package_identification:_identify(log) by extensions ['ignore', 'ignore_ament_install']
[1.339s] Level 1:colcon.colcon_core.package_identification:_identify(log) by extension 'ignore'
[1.339s] Level 1:colcon.colcon_core.package_identification:_identify(log) ignored
[1.339s] Level 1:colcon.colcon_core.package_identification:_identify(src) by extensions ['ignore', 'ignore_ament_install']
[1.339s] Level 1:colcon.colcon_core.package_identification:_identify(src) by extension 'ignore'
[1.339s] Level 1:colcon.colcon_core.package_identification:_identify(src) by extension 'ignore_ament_install'
[1.339s] Level 1:colcon.colcon_core.package_identification:_identify(src) by extensions ['colcon_pkg']
[1.339s] Level 1:colcon.colcon_core.package_identification:_identify(src) by extension 'colcon_pkg'
[1.339s] Level 1:colcon.colcon_core.package_identification:_identify(src) by extensions ['colcon_meta']
[1.339s] Level 1:colcon.colcon_core.package_identification:_identify(src) by extension 'colcon_meta'
[1.339s] Level 1:colcon.colcon_core.package_identification:_identify(src) by extensions ['ros']
[1.339s] Level 1:colcon.colcon_core.package_identification:_identify(src) by extension 'ros'
[1.344s] DEBUG:colcon.colcon_core.package_identification:Package 'src' with type 'ros.ament_cmake' and name 'vox'
[1.345s] Level 1:colcon.colcon_core.package_discovery:discover_packages(recursive) using defaults
[1.345s] Level 1:colcon.colcon_core.package_discovery:discover_packages(ignore) discover
[1.345s] Level 1:colcon.colcon_core.package_discovery:discover_packages(ignore) using defaults
[1.345s] Level 1:colcon.colcon_core.package_discovery:discover_packages(path) discover
[1.345s] Level 1:colcon.colcon_core.package_discovery:discover_packages(path) using defaults
[1.447s] Level 1:colcon.colcon_core.package_discovery:discover_packages(prefix_path) check parameters
[1.447s] Level 1:colcon.colcon_core.package_discovery:discover_packages(prefix_path) discover
[1.481s] DEBUG:colcon.colcon_installed_package_information.package_discovery:Found 340 installed packages in /opt/ros/iron
[1.482s] Level 1:colcon.colcon_core.package_discovery:discover_packages(prefix_path) using defaults
[1.667s] Level 5:colcon.colcon_core.verb:set package 'vox' build argument 'cmake_args' from command line to 'None'
[1.667s] Level 5:colcon.colcon_core.verb:set package 'vox' build argument 'cmake_target' from command line to 'None'
[1.668s] Level 5:colcon.colcon_core.verb:set package 'vox' build argument 'cmake_target_skip_unavailable' from command line to 'False'
[1.668s] Level 5:colcon.colcon_core.verb:set package 'vox' build argument 'cmake_clean_cache' from command line to 'False'
[1.668s] Level 5:colcon.colcon_core.verb:set package 'vox' build argument 'cmake_clean_first' from command line to 'False'
[1.668s] Level 5:colcon.colcon_core.verb:set package 'vox' build argument 'cmake_force_configure' from command line to 'False'
[1.668s] Level 5:colcon.colcon_core.verb:set package 'vox' build argument 'ament_cmake_args' from command line to 'None'
[1.668s] Level 5:colcon.colcon_core.verb:set package 'vox' build argument 'catkin_cmake_args' from command line to 'None'
[1.668s] Level 5:colcon.colcon_core.verb:set package 'vox' build argument 'catkin_skip_building_tests' from command line to 'False'
[1.668s] DEBUG:colcon.colcon_core.verb:Building package 'vox' with the following arguments: {'ament_cmake_args': None, 'build_base': '/home/claw/Desktop/Vox/build/vox', 'catkin_cmake_args': None, 'catkin_skip_building_tests': False, 'cmake_args': None, 'cmake_clean_cache': False, 'cmake_clean_first': False, 'cmake_force_configure': False, 'cmake_target': None, 'cmake_target_skip_unavailable': False, 'install_base': '/home/claw/Desktop/Vox/install/vox', 'merge_install': False, 'path': '/home/claw/Desktop/Vox/src', 'symlink_install': True, 'test_result_base': None}
[1.682s] INFO:colcon.colcon_core.executor:Executing jobs using 'parallel' executor
[1.697s] DEBUG:colcon.colcon_parallel_executor.executor.parallel:run_until_complete
[1.698s] INFO:colcon.colcon_ros.task.ament_cmake.build:Building ROS package in '/home/claw/Desktop/Vox/src' with build type 'ament_cmake'
[1.699s] INFO:colcon.colcon_cmake.task.cmake.build:Building CMake package in '/home/claw/Desktop/Vox/src'
[1.720s] INFO:colcon.colcon_core.plugin_system:Skipping extension 'colcon_core.shell.bat': Not used on non-Windows systems
[1.720s] INFO:colcon.colcon_core.shell:Skip shell extension 'powershell' for command environment: Not usable outside of PowerShell
[1.720s] DEBUG:colcon.colcon_core.shell:Skip shell extension 'dsv' for command environment
[1.773s] DEBUG:colcon.colcon_core.event_handler.log_command:Invoking command in '/home/claw/Desktop/Vox/build/vox': CMAKE_PREFIX_PATH=/opt/ros/iron /usr/bin/cmake --build /home/claw/Desktop/Vox/build/vox -- -j4 -l4
[1.879s] DEBUG:colcon.colcon_core.event_handler.log_command:Invoked command in '/home/claw/Desktop/Vox/build/vox' returned '0': CMAKE_PREFIX_PATH=/opt/ros/iron /usr/bin/cmake --build /home/claw/Desktop/Vox/build/vox -- -j4 -l4
[1.930s] DEBUG:colcon.colcon_core.event_handler.log_command:Invoking command in '/home/claw/Desktop/Vox/build/vox': CMAKE_PREFIX_PATH=/opt/ros/iron /usr/bin/cmake --install /home/claw/Desktop/Vox/build/vox
[1.982s] Level 1:colcon.colcon_core.environment:create_environment_scripts_only(vox)
[1.983s] DEBUG:colcon.colcon_core.event_handler.log_command:Invoked command in '/home/claw/Desktop/Vox/build/vox' returned '0': CMAKE_PREFIX_PATH=/opt/ros/iron /usr/bin/cmake --install /home/claw/Desktop/Vox/build/vox
[2.005s] Level 1:colcon.colcon_core.environment:checking '/home/claw/Desktop/Vox/install/vox' for CMake module files
[2.006s] Level 1:colcon.colcon_core.environment:checking '/home/claw/Desktop/Vox/install/vox' for CMake config files
[2.006s] Level 1:colcon.colcon_core.shell:create_environment_hook('vox', 'cmake_prefix_path')
[2.020s] INFO:colcon.colcon_core.shell:Creating environment hook '/home/claw/Desktop/Vox/install/vox/share/vox/hook/cmake_prefix_path.ps1'
[2.022s] INFO:colcon.colcon_core.shell:Creating environment descriptor '/home/claw/Desktop/Vox/install/vox/share/vox/hook/cmake_prefix_path.dsv'
[2.023s] INFO:colcon.colcon_core.shell:Creating environment hook '/home/claw/Desktop/Vox/install/vox/share/vox/hook/cmake_prefix_path.sh'
[2.024s] Level 1:colcon.colcon_core.environment:checking '/home/claw/Desktop/Vox/install/vox/bin'
[2.024s] Level 1:colcon.colcon_core.environment:checking '/home/claw/Desktop/Vox/install/vox/lib/pkgconfig/vox.pc'
[2.025s] Level 1:colcon.colcon_core.environment:checking '/home/claw/Desktop/Vox/install/vox/lib/python3.10/site-packages'
[2.025s] Level 1:colcon.colcon_core.environment:checking '/home/claw/Desktop/Vox/install/vox/bin'
[2.042s] INFO:colcon.colcon_core.shell:Creating package script '/home/claw/Desktop/Vox/install/vox/share/vox/package.ps1'
[2.044s] INFO:colcon.colcon_core.shell:Creating package descriptor '/home/claw/Desktop/Vox/install/vox/share/vox/package.dsv'
[2.045s] INFO:colcon.colcon_core.shell:Creating package script '/home/claw/Desktop/Vox/install/vox/share/vox/package.sh'
[2.047s] INFO:colcon.colcon_core.shell:Creating package script '/home/claw/Desktop/Vox/install/vox/share/vox/package.bash'
[2.048s] INFO:colcon.colcon_core.shell:Creating package script '/home/claw/Desktop/Vox/install/vox/share/vox/package.zsh'
[2.050s] Level 1:colcon.colcon_core.environment:create_file_with_runtime_dependencies(/home/claw/Desktop/Vox/install/vox/share/colcon-core/packages/vox)
[2.100s] Level 1:colcon.colcon_core.environment:create_environment_scripts_only(vox)
[2.115s] Level 1:colcon.colcon_core.environment:checking '/home/claw/Desktop/Vox/install/vox' for CMake module files
[2.116s] Level 1:colcon.colcon_core.environment:checking '/home/claw/Desktop/Vox/install/vox' for CMake config files
[2.116s] Level 1:colcon.colcon_core.shell:create_environment_hook('vox', 'cmake_prefix_path')
[2.132s] INFO:colcon.colcon_core.shell:Creating environment hook '/home/claw/Desktop/Vox/install/vox/share/vox/hook/cmake_prefix_path.ps1'
[2.133s] INFO:colcon.colcon_core.shell:Creating environment descriptor '/home/claw/Desktop/Vox/install/vox/share/vox/hook/cmake_prefix_path.dsv'
[2.134s] INFO:colcon.colcon_core.shell:Creating environment hook '/home/claw/Desktop/Vox/install/vox/share/vox/hook/cmake_prefix_path.sh'
[2.134s] Level 1:colcon.colcon_core.environment:checking '/home/claw/Desktop/Vox/install/vox/bin'
[2.134s] Level 1:colcon.colcon_core.environment:checking '/home/claw/Desktop/Vox/install/vox/lib/pkgconfig/vox.pc'
[2.135s] Level 1:colcon.colcon_core.environment:checking '/home/claw/Desktop/Vox/install/vox/lib/python3.10/site-packages'
[2.135s] Level 1:colcon.colcon_core.environment:checking '/home/claw/Desktop/Vox/install/vox/bin'
[2.152s] INFO:colcon.colcon_core.shell:Creating package script '/home/claw/Desktop/Vox/install/vox/share/vox/package.ps1'
[2.153s] INFO:colcon.colcon_core.shell:Creating package descriptor '/home/claw/Desktop/Vox/install/vox/share/vox/package.dsv'
[2.153s] INFO:colcon.colcon_core.shell:Creating package script '/home/claw/Desktop/Vox/install/vox/share/vox/package.sh'
[2.154s] INFO:colcon.colcon_core.shell:Creating package script '/home/claw/Desktop/Vox/install/vox/share/vox/package.bash'
[2.154s] INFO:colcon.colcon_core.shell:Creating package script '/home/claw/Desktop/Vox/install/vox/share/vox/package.zsh'
[2.155s] Level 1:colcon.colcon_core.environment:create_file_with_runtime_dependencies(/home/claw/Desktop/Vox/install/vox/share/colcon-core/packages/vox)
[2.156s] DEBUG:colcon.colcon_parallel_executor.executor.parallel:closing loop
[2.156s] DEBUG:colcon.colcon_parallel_executor.executor.parallel:loop closed
[2.156s] DEBUG:colcon.colcon_parallel_executor.executor.parallel:run_until_complete finished with '0'
[2.156s] DEBUG:colcon.colcon_core.event_reactor:joining thread
[2.191s] INFO:colcon.colcon_core.plugin_system:Skipping extension 'colcon_notification.desktop_notification.terminal_notifier': Not used on non-Darwin systems
[2.191s] INFO:colcon.colcon_core.plugin_system:Skipping extension 'colcon_notification.desktop_notification.win32': Not used on non-Windows systems
[2.192s] INFO:colcon.colcon_notification.desktop_notification:Sending desktop notification using 'notify2'
[2.241s] DEBUG:colcon.colcon_core.event_reactor:joined thread
[2.265s] INFO:colcon.colcon_core.shell:Creating prefix script '/home/claw/Desktop/Vox/install/local_setup.ps1'
[2.267s] INFO:colcon.colcon_core.shell:Creating prefix util module '/home/claw/Desktop/Vox/install/_local_setup_util_ps1.py'
[2.269s] INFO:colcon.colcon_core.shell:Creating prefix chain script '/home/claw/Desktop/Vox/install/setup.ps1'
[2.289s] INFO:colcon.colcon_core.shell:Creating prefix script '/home/claw/Desktop/Vox/install/local_setup.sh'
[2.290s] INFO:colcon.colcon_core.shell:Creating prefix util module '/home/claw/Desktop/Vox/install/_local_setup_util_sh.py'
[2.291s] INFO:colcon.colcon_core.shell:Creating prefix chain script '/home/claw/Desktop/Vox/install/setup.sh'
[2.312s] INFO:colcon.colcon_core.shell:Creating prefix script '/home/claw/Desktop/Vox/install/local_setup.bash'
[2.313s] INFO:colcon.colcon_core.shell:Creating prefix chain script '/home/claw/Desktop/Vox/install/setup.bash'
[2.337s] INFO:colcon.colcon_core.shell:Creating prefix script '/home/claw/Desktop/Vox/install/local_setup.zsh'
[2.339s] INFO:colcon.colcon_core.shell:Creating prefix chain script '/home/claw/Desktop/Vox/install/setup.zsh'
