[0.925s] DEBUG:colcon:Command line arguments: ['/usr/bin/colcon', 'build', '--symlink-install']
[0.925s] DEBUG:colcon:Parsed command line arguments: Namespace(log_base=None, log_level=None, verb_name='build', build_base='build', install_base='install', merge_install=False, symlink_install=True, test_result_base=None, continue_on_error=False, executor='parallel', parallel_workers=2, event_handlers=None, ignore_user_meta=False, metas=['./colcon.meta'], base_paths=['.'], packages_ignore=None, packages_ignore_regex=None, paths=None, packages_up_to=None, packages_up_to_regex=None, packages_above=None, packages_above_and_dependencies=None, packages_above_depth=None, packages_select_by_dep=None, packages_skip_by_dep=None, packages_skip_up_to=None, packages_select_build_failed=False, packages_skip_build_finished=False, packages_select_test_failures=False, packages_skip_test_passed=False, packages_select=None, packages_skip=None, packages_select_regex=None, packages_skip_regex=None, packages_start=None, packages_end=None, allow_overriding=[], cmake_args=None, cmake_target=None, cmake_target_skip_unavailable=False, cmake_clean_cache=False, cmake_clean_first=False, cmake_force_configure=False, ament_cmake_args=None, catkin_cmake_args=None, catkin_skip_building_tests=False, verb_parser=<colcon_defaults.argument_parser.defaults.DefaultArgumentsDecorator object at 0x7f620c0bfd30>, verb_extension=<colcon_core.verb.build.BuildVerb object at 0x7f620c0bfc40>, main=<bound method BuildVerb.main of <colcon_core.verb.build.BuildVerb object at 0x7f620c0bfc40>>)
[0.967s] Level 1:colcon.colcon_core.package_discovery:discover_packages(colcon_meta) check parameters
[0.967s] Level 1:colcon.colcon_core.package_discovery:discover_packages(recursive) check parameters
[0.967s] Level 1:colcon.colcon_core.package_discovery:discover_packages(ignore) check parameters
[0.967s] Level 1:colcon.colcon_core.package_discovery:discover_packages(path) check parameters
[0.967s] Level 1:colcon.colcon_core.package_discovery:discover_packages(colcon_meta) discover
[0.967s] Level 1:colcon.colcon_core.package_discovery:discover_packages(recursive) discover
[0.967s] INFO:colcon.colcon_core.package_discovery:Crawling recursively for packages in '/home/vox/Desktop/Vox'
[0.967s] Level 1:colcon.colcon_core.package_identification:_identify(.) by extensions ['ignore', 'ignore_ament_install']
[0.967s] Level 1:colcon.colcon_core.package_identification:_identify(.) by extension 'ignore'
[0.967s] Level 1:colcon.colcon_core.package_identification:_identify(.) by extension 'ignore_ament_install'
[0.967s] Level 1:colcon.colcon_core.package_identification:_identify(.) by extensions ['colcon_pkg']
[0.967s] Level 1:colcon.colcon_core.package_identification:_identify(.) by extension 'colcon_pkg'
[0.968s] Level 1:colcon.colcon_core.package_identification:_identify(.) by extensions ['colcon_meta']
[0.968s] Level 1:colcon.colcon_core.package_identification:_identify(.) by extension 'colcon_meta'
[0.968s] Level 1:colcon.colcon_core.package_identification:_identify(.) by extensions ['ros']
[0.968s] Level 1:colcon.colcon_core.package_identification:_identify(.) by extension 'ros'
[0.976s] Level 1:colcon.colcon_core.package_identification:_identify(.) by extensions ['cmake', 'python']
[0.977s] Level 1:colcon.colcon_core.package_identification:_identify(.) by extension 'cmake'
[0.977s] Level 1:colcon.colcon_core.package_identification:_identify(.) by extension 'python'
[0.977s] Level 1:colcon.colcon_core.package_identification:_identify(.) by extensions ['python_setup_py']
[0.977s] Level 1:colcon.colcon_core.package_identification:_identify(.) by extension 'python_setup_py'
[0.977s] Level 1:colcon.colcon_core.package_identification:_identify(build) by extensions ['ignore', 'ignore_ament_install']
[0.977s] Level 1:colcon.colcon_core.package_identification:_identify(build) by extension 'ignore'
[0.977s] Level 1:colcon.colcon_core.package_identification:_identify(build) ignored
[0.977s] Level 1:colcon.colcon_core.package_identification:_identify(install) by extensions ['ignore', 'ignore_ament_install']
[0.977s] Level 1:colcon.colcon_core.package_identification:_identify(install) by extension 'ignore'
[0.977s] Level 1:colcon.colcon_core.package_identification:_identify(install) ignored
[0.977s] Level 1:colcon.colcon_core.package_identification:_identify(log) by extensions ['ignore', 'ignore_ament_install']
[0.977s] Level 1:colcon.colcon_core.package_identification:_identify(log) by extension 'ignore'
[0.977s] Level 1:colcon.colcon_core.package_identification:_identify(log) ignored
[0.977s] Level 1:colcon.colcon_core.package_identification:_identify(scripts) by extensions ['ignore', 'ignore_ament_install']
[0.977s] Level 1:colcon.colcon_core.package_identification:_identify(scripts) by extension 'ignore'
[0.977s] Level 1:colcon.colcon_core.package_identification:_identify(scripts) by extension 'ignore_ament_install'
[0.978s] Level 1:colcon.colcon_core.package_identification:_identify(scripts) by extensions ['colcon_pkg']
[0.978s] Level 1:colcon.colcon_core.package_identification:_identify(scripts) by extension 'colcon_pkg'
[0.978s] Level 1:colcon.colcon_core.package_identification:_identify(scripts) by extensions ['colcon_meta']
[0.978s] Level 1:colcon.colcon_core.package_identification:_identify(scripts) by extension 'colcon_meta'
[0.978s] Level 1:colcon.colcon_core.package_identification:_identify(scripts) by extensions ['ros']
[0.978s] Level 1:colcon.colcon_core.package_identification:_identify(scripts) by extension 'ros'
[0.978s] Level 1:colcon.colcon_core.package_identification:_identify(scripts) by extensions ['cmake', 'python']
[0.978s] Level 1:colcon.colcon_core.package_identification:_identify(scripts) by extension 'cmake'
[0.978s] Level 1:colcon.colcon_core.package_identification:_identify(scripts) by extension 'python'
[0.978s] Level 1:colcon.colcon_core.package_identification:_identify(scripts) by extensions ['python_setup_py']
[0.978s] Level 1:colcon.colcon_core.package_identification:_identify(scripts) by extension 'python_setup_py'
[0.978s] Level 1:colcon.colcon_core.package_identification:_identify(src) by extensions ['ignore', 'ignore_ament_install']
[0.978s] Level 1:colcon.colcon_core.package_identification:_identify(src) by extension 'ignore'
[0.978s] Level 1:colcon.colcon_core.package_identification:_identify(src) by extension 'ignore_ament_install'
[0.978s] Level 1:colcon.colcon_core.package_identification:_identify(src) by extensions ['colcon_pkg']
[0.978s] Level 1:colcon.colcon_core.package_identification:_identify(src) by extension 'colcon_pkg'
[0.978s] Level 1:colcon.colcon_core.package_identification:_identify(src) by extensions ['colcon_meta']
[0.978s] Level 1:colcon.colcon_core.package_identification:_identify(src) by extension 'colcon_meta'
[0.978s] Level 1:colcon.colcon_core.package_identification:_identify(src) by extensions ['ros']
[0.978s] Level 1:colcon.colcon_core.package_identification:_identify(src) by extension 'ros'
[0.980s] DEBUG:colcon.colcon_core.package_identification:Package 'src' with type 'ros.ament_cmake' and name 'vox'
[0.980s] Level 1:colcon.colcon_core.package_discovery:discover_packages(recursive) using defaults
[0.980s] Level 1:colcon.colcon_core.package_discovery:discover_packages(ignore) discover
[0.980s] Level 1:colcon.colcon_core.package_discovery:discover_packages(ignore) using defaults
[0.980s] Level 1:colcon.colcon_core.package_discovery:discover_packages(path) discover
[0.980s] Level 1:colcon.colcon_core.package_discovery:discover_packages(path) using defaults
[1.065s] Level 1:colcon.colcon_core.package_discovery:discover_packages(prefix_path) check parameters
[1.065s] Level 1:colcon.colcon_core.package_discovery:discover_packages(prefix_path) discover
[1.096s] DEBUG:colcon.colcon_installed_package_information.package_discovery:Found 395 installed packages in /opt/ros/iron
[1.098s] Level 1:colcon.colcon_core.package_discovery:discover_packages(prefix_path) using defaults
[1.190s] Level 5:colcon.colcon_core.verb:set package 'vox' build argument 'cmake_args' from command line to 'None'
[1.190s] Level 5:colcon.colcon_core.verb:set package 'vox' build argument 'cmake_target' from command line to 'None'
[1.190s] Level 5:colcon.colcon_core.verb:set package 'vox' build argument 'cmake_target_skip_unavailable' from command line to 'False'
[1.190s] Level 5:colcon.colcon_core.verb:set package 'vox' build argument 'cmake_clean_cache' from command line to 'False'
[1.190s] Level 5:colcon.colcon_core.verb:set package 'vox' build argument 'cmake_clean_first' from command line to 'False'
[1.191s] Level 5:colcon.colcon_core.verb:set package 'vox' build argument 'cmake_force_configure' from command line to 'False'
[1.191s] Level 5:colcon.colcon_core.verb:set package 'vox' build argument 'ament_cmake_args' from command line to 'None'
[1.191s] Level 5:colcon.colcon_core.verb:set package 'vox' build argument 'catkin_cmake_args' from command line to 'None'
[1.191s] Level 5:colcon.colcon_core.verb:set package 'vox' build argument 'catkin_skip_building_tests' from command line to 'False'
[1.191s] DEBUG:colcon.colcon_core.verb:Building package 'vox' with the following arguments: {'ament_cmake_args': None, 'build_base': '/home/vox/Desktop/Vox/build/vox', 'catkin_cmake_args': None, 'catkin_skip_building_tests': False, 'cmake_args': None, 'cmake_clean_cache': False, 'cmake_clean_first': False, 'cmake_force_configure': False, 'cmake_target': None, 'cmake_target_skip_unavailable': False, 'install_base': '/home/vox/Desktop/Vox/install/vox', 'merge_install': False, 'path': '/home/vox/Desktop/Vox/src', 'symlink_install': True, 'test_result_base': None}
[1.204s] INFO:colcon.colcon_core.executor:Executing jobs using 'parallel' executor
[1.219s] DEBUG:colcon.colcon_parallel_executor.executor.parallel:run_until_complete
[1.219s] INFO:colcon.colcon_ros.task.ament_cmake.build:Building ROS package in '/home/vox/Desktop/Vox/src' with build type 'ament_cmake'
[1.220s] INFO:colcon.colcon_cmake.task.cmake.build:Building CMake package in '/home/vox/Desktop/Vox/src'
[1.235s] INFO:colcon.colcon_core.plugin_system:Skipping extension 'colcon_core.shell.bat': Not used on non-Windows systems
[1.235s] INFO:colcon.colcon_core.shell:Skip shell extension 'powershell' for command environment: Not usable outside of PowerShell
[1.235s] DEBUG:colcon.colcon_core.shell:Skip shell extension 'dsv' for command environment
[1.274s] DEBUG:colcon.colcon_core.event_handler.log_command:Invoking command in '/home/vox/Desktop/Vox/build/vox': CMAKE_PREFIX_PATH=/opt/ros/iron /usr/bin/cmake --build /home/vox/Desktop/Vox/build/vox -- -j2 -l2
[1.317s] DEBUG:colcon.colcon_core.event_handler.log_command:Invoked command in '/home/vox/Desktop/Vox/build/vox' returned '0': CMAKE_PREFIX_PATH=/opt/ros/iron /usr/bin/cmake --build /home/vox/Desktop/Vox/build/vox -- -j2 -l2
[1.360s] DEBUG:colcon.colcon_core.event_handler.log_command:Invoking command in '/home/vox/Desktop/Vox/build/vox': CMAKE_PREFIX_PATH=/opt/ros/iron /usr/bin/cmake --install /home/vox/Desktop/Vox/build/vox
[1.391s] Level 1:colcon.colcon_core.environment:create_environment_scripts_only(vox)
[1.392s] DEBUG:colcon.colcon_core.event_handler.log_command:Invoked command in '/home/vox/Desktop/Vox/build/vox' returned '0': CMAKE_PREFIX_PATH=/opt/ros/iron /usr/bin/cmake --install /home/vox/Desktop/Vox/build/vox
[1.407s] Level 1:colcon.colcon_core.environment:checking '/home/vox/Desktop/Vox/install/vox' for CMake module files
[1.408s] Level 1:colcon.colcon_core.environment:checking '/home/vox/Desktop/Vox/install/vox' for CMake config files
[1.408s] Level 1:colcon.colcon_core.shell:create_environment_hook('vox', 'cmake_prefix_path')
[1.424s] INFO:colcon.colcon_core.shell:Creating environment hook '/home/vox/Desktop/Vox/install/vox/share/vox/hook/cmake_prefix_path.ps1'
[1.425s] INFO:colcon.colcon_core.shell:Creating environment descriptor '/home/vox/Desktop/Vox/install/vox/share/vox/hook/cmake_prefix_path.dsv'
[1.425s] INFO:colcon.colcon_core.shell:Creating environment hook '/home/vox/Desktop/Vox/install/vox/share/vox/hook/cmake_prefix_path.sh'
[1.426s] Level 1:colcon.colcon_core.environment:checking '/home/vox/Desktop/Vox/install/vox/bin'
[1.426s] Level 1:colcon.colcon_core.environment:checking '/home/vox/Desktop/Vox/install/vox/lib/pkgconfig/vox.pc'
[1.427s] Level 1:colcon.colcon_core.environment:checking '/home/vox/Desktop/Vox/install/vox/lib/python3.10/site-packages'
[1.427s] Level 1:colcon.colcon_core.environment:checking '/home/vox/Desktop/Vox/install/vox/bin'
[1.440s] INFO:colcon.colcon_core.shell:Creating package script '/home/vox/Desktop/Vox/install/vox/share/vox/package.ps1'
[1.441s] INFO:colcon.colcon_core.shell:Creating package descriptor '/home/vox/Desktop/Vox/install/vox/share/vox/package.dsv'
[1.442s] INFO:colcon.colcon_core.shell:Creating package script '/home/vox/Desktop/Vox/install/vox/share/vox/package.sh'
[1.443s] INFO:colcon.colcon_core.shell:Creating package script '/home/vox/Desktop/Vox/install/vox/share/vox/package.bash'
[1.444s] INFO:colcon.colcon_core.shell:Creating package script '/home/vox/Desktop/Vox/install/vox/share/vox/package.zsh'
[1.444s] Level 1:colcon.colcon_core.environment:create_file_with_runtime_dependencies(/home/vox/Desktop/Vox/install/vox/share/colcon-core/packages/vox)
[1.490s] Level 1:colcon.colcon_core.environment:create_environment_scripts_only(vox)
[1.504s] Level 1:colcon.colcon_core.environment:checking '/home/vox/Desktop/Vox/install/vox' for CMake module files
[1.504s] Level 1:colcon.colcon_core.environment:checking '/home/vox/Desktop/Vox/install/vox' for CMake config files
[1.505s] Level 1:colcon.colcon_core.shell:create_environment_hook('vox', 'cmake_prefix_path')
[1.518s] INFO:colcon.colcon_core.shell:Creating environment hook '/home/vox/Desktop/Vox/install/vox/share/vox/hook/cmake_prefix_path.ps1'
[1.520s] INFO:colcon.colcon_core.shell:Creating environment descriptor '/home/vox/Desktop/Vox/install/vox/share/vox/hook/cmake_prefix_path.dsv'
[1.521s] INFO:colcon.colcon_core.shell:Creating environment hook '/home/vox/Desktop/Vox/install/vox/share/vox/hook/cmake_prefix_path.sh'
[1.521s] Level 1:colcon.colcon_core.environment:checking '/home/vox/Desktop/Vox/install/vox/bin'
[1.521s] Level 1:colcon.colcon_core.environment:checking '/home/vox/Desktop/Vox/install/vox/lib/pkgconfig/vox.pc'
[1.521s] Level 1:colcon.colcon_core.environment:checking '/home/vox/Desktop/Vox/install/vox/lib/python3.10/site-packages'
[1.522s] Level 1:colcon.colcon_core.environment:checking '/home/vox/Desktop/Vox/install/vox/bin'
[1.535s] INFO:colcon.colcon_core.shell:Creating package script '/home/vox/Desktop/Vox/install/vox/share/vox/package.ps1'
[1.536s] INFO:colcon.colcon_core.shell:Creating package descriptor '/home/vox/Desktop/Vox/install/vox/share/vox/package.dsv'
[1.536s] INFO:colcon.colcon_core.shell:Creating package script '/home/vox/Desktop/Vox/install/vox/share/vox/package.sh'
[1.537s] INFO:colcon.colcon_core.shell:Creating package script '/home/vox/Desktop/Vox/install/vox/share/vox/package.bash'
[1.537s] INFO:colcon.colcon_core.shell:Creating package script '/home/vox/Desktop/Vox/install/vox/share/vox/package.zsh'
[1.538s] Level 1:colcon.colcon_core.environment:create_file_with_runtime_dependencies(/home/vox/Desktop/Vox/install/vox/share/colcon-core/packages/vox)
[1.538s] DEBUG:colcon.colcon_parallel_executor.executor.parallel:closing loop
[1.539s] DEBUG:colcon.colcon_parallel_executor.executor.parallel:loop closed
[1.539s] DEBUG:colcon.colcon_parallel_executor.executor.parallel:run_until_complete finished with '0'
[1.539s] DEBUG:colcon.colcon_core.event_reactor:joining thread
[1.561s] INFO:colcon.colcon_core.plugin_system:Skipping extension 'colcon_notification.desktop_notification.terminal_notifier': Not used on non-Darwin systems
[1.562s] INFO:colcon.colcon_core.plugin_system:Skipping extension 'colcon_notification.desktop_notification.win32': Not used on non-Windows systems
[1.562s] INFO:colcon.colcon_notification.desktop_notification:Sending desktop notification using 'notify2'
[1.574s] DEBUG:colcon.colcon_core.event_reactor:joined thread
[1.589s] INFO:colcon.colcon_core.shell:Creating prefix script '/home/vox/Desktop/Vox/install/local_setup.ps1'
[1.590s] INFO:colcon.colcon_core.shell:Creating prefix util module '/home/vox/Desktop/Vox/install/_local_setup_util_ps1.py'
[1.592s] INFO:colcon.colcon_core.shell:Creating prefix chain script '/home/vox/Desktop/Vox/install/setup.ps1'
[1.607s] INFO:colcon.colcon_core.shell:Creating prefix script '/home/vox/Desktop/Vox/install/local_setup.sh'
[1.608s] INFO:colcon.colcon_core.shell:Creating prefix util module '/home/vox/Desktop/Vox/install/_local_setup_util_sh.py'
[1.608s] INFO:colcon.colcon_core.shell:Creating prefix chain script '/home/vox/Desktop/Vox/install/setup.sh'
[1.625s] INFO:colcon.colcon_core.shell:Creating prefix script '/home/vox/Desktop/Vox/install/local_setup.bash'
[1.625s] INFO:colcon.colcon_core.shell:Creating prefix chain script '/home/vox/Desktop/Vox/install/setup.bash'
[1.640s] INFO:colcon.colcon_core.shell:Creating prefix script '/home/vox/Desktop/Vox/install/local_setup.zsh'
[1.641s] INFO:colcon.colcon_core.shell:Creating prefix chain script '/home/vox/Desktop/Vox/install/setup.zsh'
