-- Install configuration: ""
-- Execute custom install script
-- Up-to-date symlink: /home/vox/Desktop/Vox/install/vox/share/vox/config/gazebo_params.yaml
-- Symlinking: /home/vox/Desktop/Vox/install/vox/share/vox/config/mapper_params_localization.yaml
-- Up-to-date symlink: /home/vox/Desktop/Vox/install/vox/share/vox/config/mapper_params_online_async.yaml
-- Up-to-date symlink: /home/vox/Desktop/Vox/install/vox/share/vox/config/my_controllers.yaml
-- Symlinking: /home/vox/Desktop/Vox/install/vox/share/vox/config/rviz_config.rviz
-- Symlinking: /home/vox/Desktop/Vox/install/vox/share/vox/config/twist_mux.yaml
-- Up-to-date symlink: /home/vox/Desktop/Vox/install/vox/share/vox/description/camera.xacro
-- Up-to-date symlink: /home/vox/Desktop/Vox/install/vox/share/vox/description/colors.xacro
-- Up-to-date symlink: /home/vox/Desktop/Vox/install/vox/share/vox/description/gazebo_controls.xacro
-- Up-to-date symlink: /home/vox/Desktop/Vox/install/vox/share/vox/description/laser.xacro
-- Up-to-date symlink: /home/vox/Desktop/Vox/install/vox/share/vox/description/robot.urdf.xacro
-- Up-to-date symlink: /home/vox/Desktop/Vox/install/vox/share/vox/description/robot_core.xacro
-- Up-to-date symlink: /home/vox/Desktop/Vox/install/vox/share/vox/description/ros2_control.xacro
-- Symlinking: /home/vox/Desktop/Vox/install/vox/share/vox/launch/joystick.launch.py
-- Up-to-date symlink: /home/vox/Desktop/Vox/install/vox/share/vox/launch/launch_sim.launch.py
-- Up-to-date symlink: /home/vox/Desktop/Vox/install/vox/share/vox/launch/rsp.launch.py
-- Symlinking: /home/vox/Desktop/Vox/install/vox/share/vox/worlds/sim.world
-- Up-to-date symlink: /home/vox/Desktop/Vox/install/vox/share/ament_index/resource_index/package_run_dependencies/vox
-- Up-to-date symlink: /home/vox/Desktop/Vox/install/vox/share/ament_index/resource_index/parent_prefix_path/vox
-- Up-to-date symlink: /home/vox/Desktop/Vox/install/vox/share/vox/environment/ament_prefix_path.sh
-- Up-to-date symlink: /home/vox/Desktop/Vox/install/vox/share/vox/environment/ament_prefix_path.dsv
-- Up-to-date symlink: /home/vox/Desktop/Vox/install/vox/share/vox/environment/path.sh
-- Up-to-date symlink: /home/vox/Desktop/Vox/install/vox/share/vox/environment/path.dsv
-- Up-to-date symlink: /home/vox/Desktop/Vox/install/vox/share/vox/local_setup.bash
-- Up-to-date symlink: /home/vox/Desktop/Vox/install/vox/share/vox/local_setup.sh
-- Up-to-date symlink: /home/vox/Desktop/Vox/install/vox/share/vox/local_setup.zsh
-- Up-to-date symlink: /home/vox/Desktop/Vox/install/vox/share/vox/local_setup.dsv
-- Symlinking: /home/vox/Desktop/Vox/install/vox/share/vox/package.dsv
-- Up-to-date symlink: /home/vox/Desktop/Vox/install/vox/share/ament_index/resource_index/packages/vox
-- Up-to-date symlink: /home/vox/Desktop/Vox/install/vox/share/vox/cmake/voxConfig.cmake
-- Up-to-date symlink: /home/vox/Desktop/Vox/install/vox/share/vox/cmake/voxConfig-version.cmake
-- Up-to-date symlink: /home/vox/Desktop/Vox/install/vox/share/vox/package.xml
