[0.262s] Invoking command in '/home/vox/Desktop/vox/build/vox': CMAKE_PREFIX_PATH=/opt/ros/iron /usr/bin/cmake /home/vox/Desktop/vox/src -DAMENT_CMAKE_SYMLINK_INSTALL=1 -DCMAKE_INSTALL_PREFIX=/home/vox/Desktop/vox/install/vox
[0.322s] -- Found ament_cmake: 2.0.4 (/opt/ros/iron/share/ament_cmake/cmake)
[1.028s] -- Override CMake install command with custom implementation using symlinks instead of copying resources
[1.380s] -- Found ament_lint_auto: 0.14.3 (/opt/ros/iron/share/ament_lint_auto/cmake)
[3.364s] -- Configuring done
[3.390s] -- Generating done
[3.464s] -- Build files have been written to: /home/vox/Desktop/vox/build/vox
[3.476s] Invoked command in '/home/vox/Desktop/vox/build/vox' returned '0': CMAKE_PREFIX_PATH=/opt/ros/iron /usr/bin/cmake /home/vox/Desktop/vox/src -DAMENT_CMAKE_SYMLINK_INSTALL=1 -DCMAKE_INSTALL_PREFIX=/home/vox/Desktop/vox/install/vox
[3.488s] Invoking command in '/home/vox/Desktop/vox/build/vox': CMAKE_PREFIX_PATH=/opt/ros/iron /usr/bin/cmake --build /home/vox/Desktop/vox/build/vox -- -j4 -l4
[3.819s] Invoked command in '/home/vox/Desktop/vox/build/vox' returned '0': CMAKE_PREFIX_PATH=/opt/ros/iron /usr/bin/cmake --build /home/vox/Desktop/vox/build/vox -- -j4 -l4
[4.213s] Invoking command in '/home/vox/Desktop/vox/build/vox': CMAKE_PREFIX_PATH=/opt/ros/iron /usr/bin/cmake --install /home/vox/Desktop/vox/build/vox
[4.217s] -- Install configuration: ""
[4.218s] -- Execute custom install script
[4.219s] -- Symlinking: /home/vox/Desktop/vox/install/vox/share/vox/config/empty.yaml
[4.254s] -- Symlinking: /home/vox/Desktop/vox/install/vox/share/vox/description/robot.urdf.xacro
[4.287s] -- Symlinking: /home/vox/Desktop/vox/install/vox/share/vox/launch/rso.launch.py
[4.382s] -- Symlinking: /home/vox/Desktop/vox/install/vox/share/vox/worlds/empty.world
[4.418s] -- Symlinking: /home/vox/Desktop/vox/install/vox/share/ament_index/resource_index/package_run_dependencies/vox
[4.455s] -- Symlinking: /home/vox/Desktop/vox/install/vox/share/ament_index/resource_index/parent_prefix_path/vox
[4.489s] -- Symlinking: /home/vox/Desktop/vox/install/vox/share/vox/environment/ament_prefix_path.sh
[4.612s] -- Symlinking: /home/vox/Desktop/vox/install/vox/share/vox/environment/ament_prefix_path.dsv
[4.649s] -- Symlinking: /home/vox/Desktop/vox/install/vox/share/vox/environment/path.sh
[4.711s] -- Symlinking: /home/vox/Desktop/vox/install/vox/share/vox/environment/path.dsv
[4.750s] -- Symlinking: /home/vox/Desktop/vox/install/vox/share/vox/local_setup.bash
[4.859s] -- Symlinking: /home/vox/Desktop/vox/install/vox/share/vox/local_setup.sh
[4.897s] -- Symlinking: /home/vox/Desktop/vox/install/vox/share/vox/local_setup.zsh
[4.962s] -- Symlinking: /home/vox/Desktop/vox/install/vox/share/vox/local_setup.dsv
[4.999s] -- Symlinking: /home/vox/Desktop/vox/install/vox/share/vox/package.dsv
[5.031s] -- Symlinking: /home/vox/Desktop/vox/install/vox/share/ament_index/resource_index/packages/vox
[5.119s] -- Symlinking: /home/vox/Desktop/vox/install/vox/share/vox/cmake/voxConfig.cmake
[5.155s] -- Symlinking: /home/vox/Desktop/vox/install/vox/share/vox/cmake/voxConfig-version.cmake
[5.236s] -- Symlinking: /home/vox/Desktop/vox/install/vox/share/vox/package.xml
[5.282s] Invoked command in '/home/vox/Desktop/vox/build/vox' returned '0': CMAKE_PREFIX_PATH=/opt/ros/iron /usr/bin/cmake --install /home/vox/Desktop/vox/build/vox
