[0.057s] Invoking command in '/home/vox/Desktop/Vox/build/vox': CMAKE_PREFIX_PATH=/opt/ros/iron /usr/bin/cmake /home/vox/Desktop/Vox/src -DAMENT_CMAKE_SYMLINK_INSTALL=1 -DCMAKE_INSTALL_PREFIX=/home/vox/Desktop/Vox/install/vox
[0.261s] -- The C compiler identification is GNU 11.4.0
[0.434s] -- The CXX compiler identification is GNU 11.4.0
[0.448s] -- Detecting C compiler ABI info
[0.553s] -- Detecting C compiler ABI info - done
[0.560s] -- Check for working C compiler: /usr/bin/cc - skipped
[0.561s] -- Detecting C compile features
[0.562s] -- Detecting C compile features - done
[0.566s] -- Detecting CXX compiler ABI info
[0.690s] -- Detecting CXX compiler ABI info - done
[0.697s] -- Check for working CXX compiler: /usr/bin/c++ - skipped
[0.698s] -- Detecting CXX compile features
[0.698s] -- Detecting CXX compile features - done
[0.710s] -- Found ament_cmake: 2.0.4 (/opt/ros/iron/share/ament_cmake/cmake)
[0.882s] -- Found Python3: /usr/bin/python3.10 (found version "3.10.12") found components: Interpreter 
[0.968s] -- Override CMake install command with custom implementation using symlinks instead of copying resources
[1.020s] -- Found ament_lint_auto: 0.14.3 (/opt/ros/iron/share/ament_lint_auto/cmake)
[1.099s] -- Configuring done
[1.104s] -- Generating done
[1.106s] -- Build files have been written to: /home/vox/Desktop/Vox/build/vox
[1.112s] Invoked command in '/home/vox/Desktop/Vox/build/vox' returned '0': CMAKE_PREFIX_PATH=/opt/ros/iron /usr/bin/cmake /home/vox/Desktop/Vox/src -DAMENT_CMAKE_SYMLINK_INSTALL=1 -DCMAKE_INSTALL_PREFIX=/home/vox/Desktop/Vox/install/vox
[1.115s] Invoking command in '/home/vox/Desktop/Vox/build/vox': CMAKE_PREFIX_PATH=/opt/ros/iron /usr/bin/cmake --build /home/vox/Desktop/Vox/build/vox -- -j2 -l2
[1.160s] Invoked command in '/home/vox/Desktop/Vox/build/vox' returned '0': CMAKE_PREFIX_PATH=/opt/ros/iron /usr/bin/cmake --build /home/vox/Desktop/Vox/build/vox -- -j2 -l2
[1.199s] Invoking command in '/home/vox/Desktop/Vox/build/vox': CMAKE_PREFIX_PATH=/opt/ros/iron /usr/bin/cmake --install /home/vox/Desktop/Vox/build/vox
[1.207s] -- Install configuration: ""
[1.208s] -- Execute custom install script
[1.208s] -- Symlinking: /home/vox/Desktop/Vox/install/vox/share/vox/config/empty.yaml
[1.221s] -- Symlinking: /home/vox/Desktop/Vox/install/vox/share/vox/config/gazebo_params.yaml
[1.230s] -- Symlinking: /home/vox/Desktop/Vox/install/vox/share/vox/config/mapper_params_online_async.yaml
[1.242s] -- Symlinking: /home/vox/Desktop/Vox/install/vox/share/vox/config/my_controllers.yaml
[1.254s] -- Symlinking: /home/vox/Desktop/Vox/install/vox/share/vox/config/x.rviz
[1.265s] -- Symlinking: /home/vox/Desktop/Vox/install/vox/share/vox/description/camera.xacro
[1.276s] -- Symlinking: /home/vox/Desktop/Vox/install/vox/share/vox/description/colors.xacro
[1.288s] -- Symlinking: /home/vox/Desktop/Vox/install/vox/share/vox/description/gazebo_controls.xacro
[1.298s] -- Symlinking: /home/vox/Desktop/Vox/install/vox/share/vox/description/laser.xacro
[1.308s] -- Symlinking: /home/vox/Desktop/Vox/install/vox/share/vox/description/robot.urdf.xacro
[1.319s] -- Symlinking: /home/vox/Desktop/Vox/install/vox/share/vox/description/robot_core.xacro
[1.330s] -- Symlinking: /home/vox/Desktop/Vox/install/vox/share/vox/description/ros2_control.xacro
[1.345s] -- Symlinking: /home/vox/Desktop/Vox/install/vox/share/vox/launch/launch_sim.launch.py
[1.357s] -- Symlinking: /home/vox/Desktop/Vox/install/vox/share/vox/launch/rsp.launch.py
[1.367s] -- Symlinking: /home/vox/Desktop/Vox/install/vox/share/vox/worlds/empty.world
[1.378s] -- Symlinking: /home/vox/Desktop/Vox/install/vox/share/ament_index/resource_index/package_run_dependencies/vox
[1.390s] -- Symlinking: /home/vox/Desktop/Vox/install/vox/share/ament_index/resource_index/parent_prefix_path/vox
[1.400s] -- Symlinking: /home/vox/Desktop/Vox/install/vox/share/vox/environment/ament_prefix_path.sh
[1.411s] -- Symlinking: /home/vox/Desktop/Vox/install/vox/share/vox/environment/ament_prefix_path.dsv
[1.422s] -- Symlinking: /home/vox/Desktop/Vox/install/vox/share/vox/environment/path.sh
[1.432s] -- Symlinking: /home/vox/Desktop/Vox/install/vox/share/vox/environment/path.dsv
[1.443s] -- Symlinking: /home/vox/Desktop/Vox/install/vox/share/vox/local_setup.bash
[1.455s] -- Symlinking: /home/vox/Desktop/Vox/install/vox/share/vox/local_setup.sh
[1.467s] -- Symlinking: /home/vox/Desktop/Vox/install/vox/share/vox/local_setup.zsh
[1.477s] -- Symlinking: /home/vox/Desktop/Vox/install/vox/share/vox/local_setup.dsv
[1.488s] -- Symlinking: /home/vox/Desktop/Vox/install/vox/share/vox/package.dsv
[1.499s] -- Symlinking: /home/vox/Desktop/Vox/install/vox/share/ament_index/resource_index/packages/vox
[1.510s] -- Symlinking: /home/vox/Desktop/Vox/install/vox/share/vox/cmake/voxConfig.cmake
[1.521s] -- Symlinking: /home/vox/Desktop/Vox/install/vox/share/vox/cmake/voxConfig-version.cmake
[1.532s] -- Symlinking: /home/vox/Desktop/Vox/install/vox/share/vox/package.xml
[1.547s] Invoked command in '/home/vox/Desktop/Vox/build/vox' returned '0': CMAKE_PREFIX_PATH=/opt/ros/iron /usr/bin/cmake --install /home/vox/Desktop/Vox/build/vox
